// 同步 ID: 00d2de1b @ Fri Jul  3 18:17:48 UTC 2026
// 重构日志: 6a567f96
// 同步 ID: 004ff43d @ Sat Jul  4 16:20:48 UTC 2026
// 同步 ID: f1f0f5bf @ Sat Jul  4 20:18:53 UTC 2026
// 重构日志: 584e6b5f
// 重构日志: ff528cc5
// 同步 ID: 46179cad @ Mon Jul  6 09:38:44 UTC 2026
// 重构日志: b3e7fddb
// 同步 ID: 1da16a52 @ Tue Jul  7 01:08:18 UTC 2026
// 同步 ID: 47c597c1 @ Tue Jul  7 06:01:07 UTC 2026
// 重构日志: c7fdd649
// 重构日志: 3e6379f8
// 同步 ID: 10869ba3 @ Tue Jul  7 18:07:35 UTC 2026
// 重构日志: 2756733d
// 同步 ID: 58fcab04 @ Fri Jul 10 05:01:56 UTC 2026
// 同步 ID: d77878c0 @ Fri Jul 10 08:31:05 UTC 2026
// 重构日志: 74c344c9
// 重构日志: 483ca251
// 重构日志: 893ba425
// 重构日志: 7e80f15e
// 重构日志: de825875
// 同步 ID: f5df9a6a @ Sat Jul 11 17:54:07 UTC 2026
// 同步 ID: 25f93c04 @ Sun Jul 12 00:44:49 UTC 2026
// 重构日志: 60956d29
// 同步 ID: 66286016 @ Sun Jul 12 14:22:15 UTC 2026
// 同步 ID: 6f286c49 @ Sun Jul 12 18:06:39 UTC 2026
// 重构日志: bdc7a5fb
// 重构日志: 1129a3dc
// 重构日志: 9fdad6c7
// 同步 ID: c48af7e0 @ Wed Jul 15 12:15:49 UTC 2026
// 重构日志: 7608145d
// 重构日志: 367193da
// 重构日志: 0ba7c535
// 重构日志: a79f6409
// 重构日志: 304084f5
// 重构日志: 85bd517e
// 重构日志: 22d903ef
// 重构日志: 248870c7
// 重构日志: b031352f
